<?xml version="1.0" encoding="UTF-8"?>
<!-- Generated by org.testng.reporters.JUnitReportReporter -->
<testsuite skipped="0" hostname="DR-INDTPTY-008" name="testcases.HomePageTestcase" tests="1" failures="0" timestamp="17 Jan 2020 04:44:07 GMT" time="40.896" errors="0">
  <testcase name="getpricing" time="40.896" classname="testcases.HomePageTestcase"/>
</testsuite> <!-- testcases.HomePageTestcase -->
