<?xml version="1.0" encoding="UTF-8"?>
<!-- Generated by org.testng.reporters.JUnitReportReporter -->
<testsuite skipped="0" hostname="DR-INDTPTY-008" name="testcases.BookAppointment" tests="4" failures="0" timestamp="21 Jan 2020 10:01:17 GMT" time="52.833" errors="0">
  <testcase name="getpricing" time="0.381" classname="testcases.BookAppointment"/>
  <testcase name="selectPlan" time="4.637" classname="testcases.BookAppointment"/>
  <testcase name="services" time="0.922" classname="testcases.BookAppointment"/>
  <testcase name="checkOut" time="46.893" classname="testcases.BookAppointment"/>
</testsuite> <!-- testcases.BookAppointment -->
